0 info it worked if it ends with ok
1 verbose cli [ 'node', '/usr/local/bin/npm', 'install', 'express', '--save' ]
2 info using npm@1.4.28
3 info using node@v0.10.35
4 verbose readDependencies using package.json deps
5 verbose cache add [ 'express@3.5.0', null ]
6 verbose cache add name=undefined spec="express@3.5.0" args=["express@3.5.0",null]
7 verbose parsed url { protocol: null,
7 verbose parsed url   slashes: null,
7 verbose parsed url   auth: null,
7 verbose parsed url   host: null,
7 verbose parsed url   port: null,
7 verbose parsed url   hostname: null,
7 verbose parsed url   hash: null,
7 verbose parsed url   search: null,
7 verbose parsed url   query: null,
7 verbose parsed url   pathname: 'express@3.5.0',
7 verbose parsed url   path: 'express@3.5.0',
7 verbose parsed url   href: 'express@3.5.0' }
8 verbose cache add name="express" spec="3.5.0" args=["express","3.5.0"]
9 verbose parsed url { protocol: null,
9 verbose parsed url   slashes: null,
9 verbose parsed url   auth: null,
9 verbose parsed url   host: null,
9 verbose parsed url   port: null,
9 verbose parsed url   hostname: null,
9 verbose parsed url   hash: null,
9 verbose parsed url   search: null,
9 verbose parsed url   query: null,
9 verbose parsed url   pathname: '3.5.0',
9 verbose parsed url   path: '3.5.0',
9 verbose parsed url   href: '3.5.0' }
10 verbose addNamed [ 'express', '3.5.0' ]
11 verbose addNamed [ '3.5.0', '3.5.0' ]
12 silly lockFile 90de8de4-express-3-5-0 express@3.5.0
13 verbose lock express@3.5.0 /Users/brendancampbell/.npm/90de8de4-express-3-5-0.lock
14 verbose request where is /express
15 verbose request registry https://registry.npmjs.org/
16 verbose request id 6bb2646f9e407e6e
17 verbose url raw /express
18 verbose url resolving [ 'https://registry.npmjs.org/', './express' ]
19 verbose url resolved https://registry.npmjs.org/express
20 verbose request where is https://registry.npmjs.org/express
21 info trying registry request attempt 1 at 12:48:10
22 verbose etag "2BMC16BEGT6BZ6KALORMF7OG9"
23 http GET https://registry.npmjs.org/express
24 http 200 https://registry.npmjs.org/express
25 silly registry.get cb [ 200,
25 silly registry.get   { date: 'Sun, 22 Feb 2015 17:48:10 GMT',
25 silly registry.get     server: 'CouchDB/1.5.0 (Erlang OTP/R16B03)',
25 silly registry.get     etag: '"7LVQJTQ9UCEDWSGJFJCDBFE1F"',
25 silly registry.get     'content-type': 'application/json',
25 silly registry.get     'cache-control': 'max-age=60',
25 silly registry.get     'content-length': '472886',
25 silly registry.get     'accept-ranges': 'bytes',
25 silly registry.get     via: '1.1 varnish',
25 silly registry.get     age: '0',
25 silly registry.get     'x-served-by': 'cache-dfw1822-DFW',
25 silly registry.get     'x-cache': 'HIT',
25 silly registry.get     'x-cache-hits': '1',
25 silly registry.get     'x-timer': 'S1424627290.767414,VS0,VE186',
25 silly registry.get     vary: 'Accept',
25 silly registry.get     'keep-alive': 'timeout=10, max=50',
25 silly registry.get     connection: 'Keep-Alive' } ]
26 silly lockFile 1f72b260-js-org-express-express-3-5-0-tgz https://registry.npmjs.org/express/-/express-3.5.0.tgz
27 verbose lock https://registry.npmjs.org/express/-/express-3.5.0.tgz /Users/brendancampbell/.npm/1f72b260-js-org-express-express-3-5-0-tgz.lock
28 verbose addRemoteTarball [ 'https://registry.npmjs.org/express/-/express-3.5.0.tgz',
28 verbose addRemoteTarball   '703f299aa2a7fce122025b61a2e170d536b35019' ]
29 info retry fetch attempt 1 at 12:48:11
30 verbose fetch to= /var/folders/hg/770jz9m903j750j0f_dzc86m0000gq/T/npm-3333-Nv0cpEhK/registry.npmjs.org/express/-/express-3.5.0.tgz
31 http GET https://registry.npmjs.org/express/-/express-3.5.0.tgz
32 http 200 https://registry.npmjs.org/express/-/express-3.5.0.tgz
33 silly lockFile 1f72b260-js-org-express-express-3-5-0-tgz https://registry.npmjs.org/express/-/express-3.5.0.tgz
34 silly lockFile 1f72b260-js-org-express-express-3-5-0-tgz https://registry.npmjs.org/express/-/express-3.5.0.tgz
35 silly lockFile 90de8de4-express-3-5-0 express@3.5.0
36 silly lockFile 90de8de4-express-3-5-0 express@3.5.0
37 error Error: EACCES, mkdir '/Users/brendancampbell/.npm/express/3.5.0'
37 error  { [Error: EACCES, mkdir '/Users/brendancampbell/.npm/express/3.5.0']
37 error   errno: 3,
37 error   code: 'EACCES',
37 error   path: '/Users/brendancampbell/.npm/express/3.5.0',
37 error   parent: 'brendancampbell' }
38 error Please try running this command again as root/Administrator.
39 error System Darwin 14.0.0
40 error command "node" "/usr/local/bin/npm" "install" "express" "--save"
41 error cwd /Users/brendancampbell/votr-part1
42 error node -v v0.10.35
43 error npm -v 1.4.28
44 error path /Users/brendancampbell/.npm/express/3.5.0
45 error code EACCES
46 error errno 3
47 error stack Error: EACCES, mkdir '/Users/brendancampbell/.npm/express/3.5.0'
48 verbose exit [ 3, true ]
